=== Parameters ===
QualitiesFiles : datasets/Acidentes/ocorridosCentroSul/qualities.csv
PropertiesFiles : datasets/Acidentes/ocorridosCentroSul/properties.csv
attrType : NOMINAL
resFolder : AcidentesOcorridosCentroSul
minSupp : 50
nbLoops : 100000
maxOutput : 50
maxRedundancy : 0.4
maxLength : 5
measure : WRAcc
UCB : UCBSP
refineExpand : TunedGenerator
duplicatesExpand : AMAF
pathLength : -1
refineRollOut : Large
jumpingLarge : 10
rewardPolicy : MaxPath
memoryPolicy : TopK
topKMemory : 1
updatePolicy : Max

=== Result Information ===
date : 31/07/2024 09:04
runtime(ms) : 169564
nbPatterns : 16
measures : 0.15 0.01 0.01 0.01 0.00 0.00 0.00 0.00 0.00 0.00 0.00 0.00 0.00 0.00 0.00 0.00
descriptionLength : 1 1 2 2 1 1 1 3 2 3 3 2 3 3 2 4