=== Parameters ===
QualitiesFiles : datasets/Acidentes/ocorridosPicoTarde/qualities.csv
PropertiesFiles : datasets/Acidentes/ocorridosPicoTarde/properties.csv
attrType : NOMINAL
resFolder : AcidentesOcorridosPicoTarde
minSupp : 50
nbLoops : 100000
maxOutput : 50
maxRedundancy : 0.4
maxLength : 5
measure : WRAcc
UCB : UCBSP
refineExpand : TunedGenerator
duplicatesExpand : AMAF
pathLength : -1
refineRollOut : Large
jumpingLarge : 10
rewardPolicy : MaxPath
memoryPolicy : TopK
topKMemory : 1
updatePolicy : Max

=== Result Information ===
date : 31/07/2024 09:38
runtime(ms) : 177591
nbPatterns : 16
measures : 0.16 0.05 0.00 0.00 0.00 0.00 0.00 0.00 0.00 0.00 0.00 0.00 0.00 0.00 0.00 0.00
descriptionLength : 1 3 1 1 1 3 1 3 2 2 3 3 3 4 1 4