#iterations	mean Measure
1	0.0
501	0.0024763393104012127
1001	0.0024082481082323623
1501	0.002334903713918225
2001	0.002192362824511824
2501	0.0020358537148756402
3001	0.0018527301735824693
3501	0.0016824199904408451
4001	0.0015275095666251715
4501	0.0014661277765623463
5001	0.0013758786623415161
5501	0.0012922796457051757
6001	0.0012466938818119242
6501	0.0012084403687370713
7001	0.0011494768107451737
7501	0.0011160292674455329
8001	0.0010954526612682914
8501	0.0011065330570703164
9001	0.0011035168343274144
9501	0.0010747121663139587
10001	0.0010585554925994132
10501	0.0010560650741600448
11001	0.0010509705124220577
11001	0.0010509705124220577
11501	0.0010406627120092629
12001	0.0010181598505189266
12501	0.0010206434703882326
13001	0.0010159788086094431
13501	0.0010157751510846535
14001	0.0010288211771521444
14501	0.0010524594592625839
14501	0.0010524594592625839
15001	0.0010600884001461322
15501	0.0010620334830071794
16001	0.0010717992033984277
16501	0.0010794711912734648
17001	0.0010810579509621114
17501	0.0010880514135101936
18001	0.0010911743860908317
18501	0.0010810235689251851
19001	0.001074720836993056
19001	0.001074720836993056
19001	0.001074720836993056
19001	0.001074720836993056
19001	0.001074720836993056
19001	0.001074720836993056
19001	0.001074720836993056
19001	0.001074720836993056
19501	0.001077818521989235
19501	0.001077818521989235
19501	0.001077818521989235
19501	0.001077818521989235
19501	0.001077818521989235
19501	0.001077818521989235
20001	0.0010751256251178155
20501	0.0010767157461921578
21001	0.0010826673810547928
21001	0.0010826673810547928
21501	0.0010925313666444404
22001	0.0011068467530918244
22501	0.0011137737329535763
23001	0.0011098691262355213
23501	0.001115508601272574
24001	0.00111577355704203
24501	0.0011228100851502928
25001	0.0011209150350605485
25501	0.0011166330885763022
26001	0.0011148596216031404
26501	0.0011080714159713693
27001	0.0011021168367620826
27501	0.0010951107562295979
28001	0.001093553208673077
28501	0.0010878024541163475
29001	0.001081434104903923
29001	0.001081434104903923
29501	0.0010741814504187886
29501	0.0010741814504187886
30001	0.0010849536959771052
30501	0.0010840166560451838
31001	0.0010911372385707977
31501	0.0010842880076409143
31501	0.0010842880076409143
32001	0.0010870573486658733
32501	0.001082350410657866
33001	0.0010846617798417326
33501	0.0010924666453820363
34001	0.0010884143734007715
34001	0.0010884143734007715
34501	0.001092625195647418
35001	0.0010976654414744146
35501	0.0011018570671784854
36001	0.0011016035389202188
36501	0.0011032560307301794
37001	0.001105770732991148
37501	0.0011124923715872964
38001	0.0011185821883640497
38501	0.0011234278755732803
39001	0.0011266994909838353
39501	0.0011339104772051917
40001	0.0011460068732092876
40501	0.0011538062159815493
41001	0.0011571123008314347
41501	0.0011652013828093789
42001	0.0011716623065697288
42501	0.0011790286906372147
42501	0.0011790286906372147
43001	0.0011877295021013698
43501	0.001197306803412422
44001	0.0012110127801720275
44501	0.001230065046833522
45001	0.001239468821467932
45501	0.0012518140763472661
46001	0.0012579585294565968
46501	0.0012685343390687468
47001	0.0012827804449579519
47501	0.001291015256533974
48001	0.0012964161774766869
48501	0.0012997413891255116
49001	0.001306244009929176
49501	0.001318485995958518
50001	0.0013272593117104748
50501	0.001331839401103934
51001	0.0013380599564438312
51501	0.001345532694760316
52001	0.001353483264589084
52001	0.001353483264589084
52501	0.0013610526874251348
52501	0.0013610526874251348
53001	0.001373292713945517
53001	0.001373292713945517
53501	0.0013795066621877094
54001	0.0013882938293674014
54001	0.0013882938293674014
54001	0.0013882938293674014
54001	0.0013882938293674014
54001	0.0013882938293674014
54501	0.0013948930410999354
55001	0.0014072146431363202
55001	0.0014072146431363202
55001	0.0014072146431363202
55001	0.0014072146431363202
55501	0.0014155901910541634
56001	0.0014257801045468954
56001	0.0014257801045468954
56001	0.0014257801045468954
56001	0.0014257801045468954
56001	0.0014257801045468954
56001	0.0014257801045468954
56001	0.0014257801045468954
56001	0.0014257801045468954
56001	0.0014257801045468954
56001	0.0014257801045468954
56001	0.0014257801045468954
56001	0.0014257801045468954
56001	0.0014257801045468954
56001	0.0014257801045468954
56001	0.0014257801045468954
56001	0.0014257801045468954
56001	0.0014257801045468954
56001	0.0014257801045468954
56501	0.0014353786865718482
57001	0.0014469377715280074
57001	0.0014469377715280074
57001	0.0014469377715280074
57001	0.0014469377715280074
57501	0.0014589498797243261
58001	0.001468465866997146
58501	0.0014803505298317035
59001	0.0014944920309479391
59001	0.0014944920309479391
59001	0.0014944920309479391
59001	0.0014944920309479391
59001	0.0014944920309479391
59001	0.0014944920309479391
59001	0.0014944920309479391
59501	0.0015039133312328321
60001	0.0015157061110024764
60501	0.0015246838848233743
61001	0.0015332804468379995
61001	0.0015332804468379995
61501	0.0015418054287028068
61501	0.0015418054287028068
62001	0.0015515149936688732
62501	0.0015579282306086724
63001	0.0015639481221397557
63501	0.0015704484121688807
64001	0.001573246761530095
64501	0.0015763435855087728
65001	0.0015854885768718794
65001	0.0015854885768718794
65501	0.001591934924676573
66001	0.0016000689257205847
66501	0.0016063347555953778
67001	0.0016173152498898326
67001	0.0016173152498898326
67001	0.0016173152498898326
67001	0.0016173152498898326
67001	0.0016173152498898326
67001	0.0016173152498898326
67001	0.0016173152498898326
67001	0.0016173152498898326
67001	0.0016173152498898326
67001	0.0016173152498898326
67001	0.0016173152498898326
67001	0.0016173152498898326
67001	0.0016173152498898326
67501	0.0016255017496581202
68001	0.0016377397679495944
68501	0.0016427953320688586
68501	0.0016427953320688586
68501	0.0016427953320688586
68501	0.0016427953320688586
68501	0.0016427953320688586
68501	0.0016427953320688586
68501	0.0016427953320688586
68501	0.0016427953320688586
69001	0.0016491044899766662
69501	0.0016549406117562376
70001	0.0016609046371231378
70501	0.0016679947150474634
71001	0.0016752968456899458
71001	0.0016752968456899458
71001	0.0016752968456899458
71001	0.0016752968456899458
71501	0.0016861066775485033
72001	0.0016916631013750647
72501	0.0016973999848446841
72501	0.0016973999848446841
72501	0.0016973999848446841
73001	0.0017078650839740285
73501	0.0017149095112441823
74001	0.0017191169695497622
74501	0.0017249673349095584
74501	0.0017249673349095584
74501	0.0017249673349095584
75001	0.0017303131312727102
75501	0.001737894911415214
76001	0.0017444904855163348
76501	0.001751614423297196
76501	0.001751614423297196
76501	0.001751614423297196
76501	0.001751614423297196
76501	0.001751614423297196
76501	0.001751614423297196
76501	0.001751614423297196
76501	0.001751614423297196
76501	0.001751614423297196
76501	0.001751614423297196
76501	0.001751614423297196
77001	0.0017630766751273942
77501	0.0017719509028412685
78001	0.0017829782362969418
78501	0.0017926891864485507
78501	0.0017926891864485507
78501	0.0017926891864485507
78501	0.0017926891864485507
78501	0.0017926891864485507
79001	0.001800113674289203
79501	0.0018088657851339533
79501	0.0018088657851339533
80001	0.0018193859513064
80501	0.0018307414842677024
81001	0.0018391514844488938
81501	0.0018470468632507029
82001	0.0018559446602793965
82501	0.0018638701962897992
83001	0.0018744002328673532
83001	0.0018744002328673532
83001	0.0018744002328673532
83001	0.0018744002328673532
83501	0.001883764708945405
84001	0.0018939782080661734
84501	0.0019070308280725195
85001	0.0019276745527568979
85501	0.0019486011740684549
85501	0.0019486011740684549
85501	0.0019486011740684549
85501	0.0019486011740684549
85501	0.0019486011740684549
85501	0.0019486011740684549
85501	0.0019486011740684549
85501	0.0019486011740684549
85501	0.0019486011740684549
85501	0.0019486011740684549
85501	0.0019486011740684549
85501	0.0019486011740684549
85501	0.0019486011740684549
85501	0.0019486011740684549
85501	0.0019486011740684549
85501	0.0019486011740684549
85501	0.0019486011740684549
85501	0.0019486011740684549
85501	0.0019486011740684549
86001	0.0019703858477931107
86501	0.0019957869397872145
86501	0.0019957869397872145
86501	0.0019957869397872145
86501	0.0019957869397872145
86501	0.0019957869397872145
86501	0.0019957869397872145
86501	0.0019957869397872145
86501	0.0019957869397872145
86501	0.0019957869397872145
86501	0.0019957869397872145
86501	0.0019957869397872145
86501	0.0019957869397872145
86501	0.0019957869397872145
86501	0.0019957869397872145
86501	0.0019957869397872145
86501	0.0019957869397872145
86501	0.0019957869397872145
86501	0.0019957869397872145
86501	0.0019957869397872145
86501	0.0019957869397872145
86501	0.0019957869397872145
86501	0.0019957869397872145
86501	0.0019957869397872145
86501	0.0019957869397872145
86501	0.0019957869397872145
86501	0.0019957869397872145
86501	0.0019957869397872145
86501	0.0019957869397872145
86501	0.0019957869397872145
86501	0.0019957869397872145
86501	0.0019957869397872145
86501	0.0019957869397872145
86501	0.0019957869397872145
86501	0.0019957869397872145
86501	0.0019957869397872145
86501	0.0019957869397872145
86501	0.0019957869397872145
86501	0.0019957869397872145
86501	0.0019957869397872145
86501	0.0019957869397872145
86501	0.0019957869397872145
86501	0.0019957869397872145
86501	0.0019957869397872145
86501	0.0019957869397872145
86501	0.0019957869397872145
86501	0.0019957869397872145
86501	0.0019957869397872145
86501	0.0019957869397872145
86501	0.0019957869397872145
86501	0.0019957869397872145
86501	0.0019957869397872145
86501	0.0019957869397872145
86501	0.0019957869397872145
86501	0.0019957869397872145
86501	0.0019957869397872145
86501	0.0019957869397872145
86501	0.0019957869397872145
86501	0.0019957869397872145
86501	0.0019957869397872145
86501	0.0019957869397872145
86501	0.0019957869397872145
86501	0.0019957869397872145
86501	0.0019957869397872145
86501	0.0019957869397872145
86501	0.0019957869397872145
86501	0.0019957869397872145
86501	0.0019957869397872145
86501	0.0019957869397872145
86501	0.0019957869397872145
86501	0.0019957869397872145
86501	0.0019957869397872145
87001	0.0020437159359964568
87501	0.002062696753171716
87501	0.002062696753171716
87501	0.002062696753171716
87501	0.002062696753171716
87501	0.002062696753171716
87501	0.002062696753171716
87501	0.002062696753171716
87501	0.002062696753171716
87501	0.002062696753171716
87501	0.002062696753171716
87501	0.002062696753171716
87501	0.002062696753171716
87501	0.002062696753171716
87501	0.002062696753171716
88001	0.0020837484167102495
88501	0.00208994688255646
89001	0.0020797216718495496
89501	0.002067888949794679
89501	0.002067888949794679
89501	0.002067888949794679
90001	0.0020560835280973703
90501	0.002044077424716078
90501	0.002044077424716078
91001	0.00203229171884408
91501	0.002020876540852167
92001	0.002009638675161512
92501	0.001998478848797976
93001	0.00198763167268413
93501	0.001976914113333051
94001	0.0019661323655134877
94501	0.0019553837552647555
95001	0.001944996921041339
95501	0.0019346658102393102
96001	0.0019243246343458424
96001	0.0019243246343458424
96501	0.0019142591948571714
97001	0.0019041884113721002
97501	0.0018941326806625252
97501	0.0018941326806625252
98001	0.00188437061131107
98001	0.00188437061131107
98501	0.001874845863000511
99001	0.001865171549051096
99501	0.00185592873951883
