=== Parameters ===
QualitiesFiles : datasets/Acidentes/ocorridosAutomoveis/qualities.csv
PropertiesFiles : datasets/Acidentes/ocorridosAutomoveis/properties.csv
attrType : NOMINAL
resFolder : AcidentesOcorridosAutomoveis
minSupp : 50
nbLoops : 100000
maxOutput : 50
maxRedundancy : 0.4
maxLength : 5
measure : WRAcc
UCB : UCBSP
refineExpand : TunedGenerator
duplicatesExpand : AMAF
pathLength : -1
refineRollOut : Large
jumpingLarge : 10
rewardPolicy : MaxPath
memoryPolicy : TopK
topKMemory : 1
updatePolicy : Max

=== Result Information ===
date : 31/07/2024 09:34
runtime(ms) : 143348
nbPatterns : 15
measures : 0.00 0.00 0.00 0.00 0.00 0.00 0.00 0.00 0.00 0.00 0.00 0.00 0.00 0.00 0.00
descriptionLength : 1 4 5 5 5 3 4 3 3 3 2 2 2 1 1